  PointSizes.cpp
  Unknown compiler version - please run the configure tests and report the results
C:\Program Files\PCL 1.8.1\include\pcl-1.8\pcl\point_traits.h(1,1): warning C4819: 该文件包含不能在当前代码页(936)中表示的字符。请将该文件保存为 Unicode 格式以防止数据丢失
  (编译源文件“PointSizes.cpp”)
  
  ModelCoefficients.generated.cpp
  Unknown compiler version - please run the configure tests and report the results
  PCAOfXYZ.generated.cpp
  Unknown compiler version - please run the configure tests and report the results
C:\Program Files\PCL 1.8.1\include\pcl-1.8\pcl\point_traits.h(1,1): warning C4819: 该文件包含不能在当前代码页(936)中表示的字符。请将该文件保存为 Unicode 格式以防止数据丢失
  (编译源文件“common/PCAOfXYZ.generated.cpp”)
  
D:\PclSharp\src\PclSharp.Extern\common\PCAOfXYZ.generated.cpp(36,25): warning C4190: “pca_xyz_getMean”有指定的 C 链接，但返回了与 C 不兼容的 UDT“Eigen::Matrix<float,4,1,0,4,1>”
      C:\Program Files\PCL 1.8.1\3rdParty\Eigen\eigen3\Eigen\src\Core\Matrix.h(178,7):
      参见“Eigen::Matrix<float,4,1,0,4,1>”的声明
  
D:\PclSharp\src\PclSharp.Extern\common\PCAOfXYZ.generated.cpp(39,25): warning C4190: “pca_xyz_getEigenValues”有指定的 C 链接，但返回了与 C 不兼容的 UDT“Eigen::Matrix<float,3,1,0,3,1>”
      C:\Program Files\PCL 1.8.1\3rdParty\Eigen\eigen3\Eigen\src\Core\Matrix.h(178,7):
      参见“Eigen::Matrix<float,3,1,0,3,1>”的声明
  
  PclBaseOfXYZ.generated.cpp
  Unknown compiler version - please run the configure tests and report the results
C:\Program Files\PCL 1.8.1\include\pcl-1.8\pcl\point_traits.h(1,1): warning C4819: 该文件包含不能在当前代码页(936)中表示的字符。请将该文件保存为 Unicode 格式以防止数据丢失
  (编译源文件“common/PclBaseOfXYZ.generated.cpp”)
  
  PclBaseOfXYZRGBA.generated.cpp
  Unknown compiler version - please run the configure tests and report the results
C:\Program Files\PCL 1.8.1\include\pcl-1.8\pcl\point_traits.h(1,1): warning C4819: 该文件包含不能在当前代码页(936)中表示的字符。请将该文件保存为 Unicode 格式以防止数据丢失
  (编译源文件“common/PclBaseOfXYZRGBA.generated.cpp”)
  
  PointIndices.generated.cpp
  Unknown compiler version - please run the configure tests and report the results
  Matrix4f.generated.cpp
  VectorXf.generated.cpp
D:\PclSharp\src\PclSharp.Extern\eigen\VectorXf.generated.cpp(38,19): warning C4244: “return”: 从“Eigen::EigenBase<Derived>::Index”转换到“int”，可能丢失数据
D:\PclSharp\src\PclSharp.Extern\eigen\VectorXf.generated.cpp(38,19): warning C4244:         with
D:\PclSharp\src\PclSharp.Extern\eigen\VectorXf.generated.cpp(38,19): warning C4244:         [
D:\PclSharp\src\PclSharp.Extern\eigen\VectorXf.generated.cpp(38,19): warning C4244:             Derived=Eigen::Matrix<float,-1,1,0,-1,1>
D:\PclSharp\src\PclSharp.Extern\eigen\VectorXf.generated.cpp(38,19): warning C4244:         ]
  FPFHEstimationOfPointXYZAndNormal.generated.cpp
  Unknown compiler version - please run the configure tests and report the results
C:\Program Files\PCL 1.8.1\include\pcl-1.8\pcl\point_traits.h(1,1): warning C4819: 该文件包含不能在当前代码页(936)中表示的字符。请将该文件保存为 Unicode 格式以防止数据丢失
  (编译源文件“features/FPFHEstimationOfPointXYZAndNormal.generated.cpp”)
  
  IntegralImageNormalEstimationOfPointXYZAndNormal.generated.cpp
  Unknown compiler version - please run the configure tests and report the results
C:\Program Files\PCL 1.8.1\include\pcl-1.8\pcl\point_traits.h(1,1): warning C4819: 该文件包含不能在当前代码页(936)中表示的字符。请将该文件保存为 Unicode 格式以防止数据丢失
  (编译源文件“features/IntegralImageNormalEstimationOfPointXYZAndNormal.generated.cpp”)
  
  ExtractIndicesXYZ.generated.cpp
  Unknown compiler version - please run the configure tests and report the results
C:\Program Files\PCL 1.8.1\include\pcl-1.8\pcl\point_traits.h(1,1): warning C4819: 该文件包含不能在当前代码页(936)中表示的字符。请将该文件保存为 Unicode 格式以防止数据丢失
  (编译源文件“filters/ExtractIndicesXYZ.generated.cpp”)
  
  Heightmap2DOfXYZ.generated.cpp
  Unknown compiler version - please run the configure tests and report the results
C:\Program Files\PCL 1.8.1\include\pcl-1.8\pcl\point_traits.h(1,1): warning C4819: 该文件包含不能在当前代码页(936)中表示的字符。请将该文件保存为 Unicode 格式以防止数据丢失
  (编译源文件“filters/Heightmap2DOfXYZ.generated.cpp”)
  
  StatisticalOutlierRemovalOfXYZ.generated.cpp
  Unknown compiler version - please run the configure tests and report the results
C:\Program Files\PCL 1.8.1\include\pcl-1.8\pcl\point_traits.h(1,1): warning C4819: 该文件包含不能在当前代码页(936)中表示的字符。请将该文件保存为 Unicode 格式以防止数据丢失
  (编译源文件“filters/StatisticalOutlierRemovalOfXYZ.generated.cpp”)
  
  VoxelGridOfXYZ.generated.cpp
  Unknown compiler version - please run the configure tests and report the results
C:\Program Files\PCL 1.8.1\include\pcl-1.8\pcl\point_traits.h(1,1): warning C4819: 该文件包含不能在当前代码页(936)中表示的字符。请将该文件保存为 Unicode 格式以防止数据丢失
  (编译源文件“filters/VoxelGridOfXYZ.generated.cpp”)
  
D:\PclSharp\src\PclSharp.Extern\filters\VoxelGridOfXYZ.generated.cpp(45,18): warning C4190: “filters_voxelGrid_xyz_getLeafSize”有指定的 C 链接，但返回了与 C 不兼容的 UDT“pcl::PointXYZ”
      C:\Program Files\PCL 1.8.1\include\pcl-1.8\pcl\impl\point_types.hpp(281,24):
      参见“pcl::PointXYZ”的声明
  
D:\PclSharp\src\PclSharp.Extern\filters\VoxelGridOfXYZ.generated.cpp(78,25): warning C4190: “filters_voxelGrid_xyz_getMinBoxCoordinates”有指定的 C 链接，但返回了与 C 不兼容的 UDT“Eigen::Matrix<int,3,1,0,3,1>”
      C:\Program Files\PCL 1.8.1\3rdParty\Eigen\eigen3\Eigen\src\Core\Matrix.h(178,7):
      参见“Eigen::Matrix<int,3,1,0,3,1>”的声明
  
D:\PclSharp\src\PclSharp.Extern\filters\VoxelGridOfXYZ.generated.cpp(81,25): warning C4190: “filters_voxelGrid_xyz_getMaxBoxCoordinates”有指定的 C 链接，但返回了与 C 不兼容的 UDT“Eigen::Matrix<int,3,1,0,3,1>”
      C:\Program Files\PCL 1.8.1\3rdParty\Eigen\eigen3\Eigen\src\Core\Matrix.h(178,7):
      参见“Eigen::Matrix<int,3,1,0,3,1>”的声明
  
D:\PclSharp\src\PclSharp.Extern\filters\VoxelGridOfXYZ.generated.cpp(84,25): warning C4190: “filters_voxelGrid_xyz_getNrDivisions”有指定的 C 链接，但返回了与 C 不兼容的 UDT“Eigen::Matrix<int,3,1,0,3,1>”
      C:\Program Files\PCL 1.8.1\3rdParty\Eigen\eigen3\Eigen\src\Core\Matrix.h(178,7):
      参见“Eigen::Matrix<int,3,1,0,3,1>”的声明
  
D:\PclSharp\src\PclSharp.Extern\filters\VoxelGridOfXYZ.generated.cpp(87,25): warning C4190: “filters_voxelGrid_xyz_getDivisionMultiplier”有指定的 C 链接，但返回了与 C 不兼容的 UDT“Eigen::Matrix<int,3,1,0,3,1>”
      C:\Program Files\PCL 1.8.1\3rdParty\Eigen\eigen3\Eigen\src\Core\Matrix.h(178,7):
      参见“Eigen::Matrix<int,3,1,0,3,1>”的声明
  
  PCDReader.generated.cpp
  Unknown compiler version - please run the configure tests and report the results
C:\Program Files\PCL 1.8.1\include\pcl-1.8\pcl\point_traits.h(1,1): warning C4819: 该文件包含不能在当前代码页(936)中表示的字符。请将该文件保存为 Unicode 格式以防止数据丢失
  (编译源文件“io/PCDReader.generated.cpp”)
  
  PCDWriter.generated.cpp
  Unknown compiler version - please run the configure tests and report the results
C:\Program Files\PCL 1.8.1\include\pcl-1.8\pcl\point_traits.h(1,1): warning C4819: 该文件包含不能在当前代码页(936)中表示的字符。请将该文件保存为 Unicode 格式以防止数据丢失
  (编译源文件“io/PCDWriter.generated.cpp”)
  
  PointCloudOfNormal.generated.cpp
  Unknown compiler version - please run the configure tests and report the results
C:\Program Files\PCL 1.8.1\include\pcl-1.8\pcl\point_traits.h(1,1): warning C4819: 该文件包含不能在当前代码页(936)中表示的字符。请将该文件保存为 Unicode 格式以防止数据丢失
  (编译源文件“pointcloud/PointCloudOfNormal.generated.cpp”)
  
  PointCloudOfXYZ.generated.cpp
  Unknown compiler version - please run the configure tests and report the results
C:\Program Files\PCL 1.8.1\include\pcl-1.8\pcl\point_traits.h(1,1): warning C4819: 该文件包含不能在当前代码页(936)中表示的字符。请将该文件保存为 Unicode 格式以防止数据丢失
  (编译源文件“pointcloud/PointCloudOfXYZ.generated.cpp”)
  
  PointCloudOfXYZL.generated.cpp
  Unknown compiler version - please run the configure tests and report the results
C:\Program Files\PCL 1.8.1\include\pcl-1.8\pcl\point_traits.h(1,1): warning C4819: 该文件包含不能在当前代码页(936)中表示的字符。请将该文件保存为 Unicode 格式以防止数据丢失
  (编译源文件“pointcloud/PointCloudOfXYZL.generated.cpp”)
  
  PointCloudOfXYZRGBA.generated.cpp
  Unknown compiler version - please run the configure tests and report the results
C:\Program Files\PCL 1.8.1\include\pcl-1.8\pcl\point_traits.h(1,1): warning C4819: 该文件包含不能在当前代码页(936)中表示的字符。请将该文件保存为 Unicode 格式以防止数据丢失
  (编译源文件“pointcloud/PointCloudOfXYZRGBA.generated.cpp”)
  
  正在生成代码...
  正在编译...
  PolygonMesh.generated.cpp
  Unknown compiler version - please run the configure tests and report the results
  SampleConsensusModelPlaneOfXYZ.generated.cpp
  Unknown compiler version - please run the configure tests and report the results
C:\Program Files\PCL 1.8.1\include\pcl-1.8\pcl\point_traits.h(1,1): warning C4819: 该文件包含不能在当前代码页(936)中表示的字符。请将该文件保存为 Unicode 格式以防止数据丢失
  (编译源文件“sampleconsensus/SampleConsensusModelPlaneOfXYZ.generated.cpp”)
  
C:\Program Files\PCL 1.8.1\include\pcl-1.8\pcl\sample_consensus\model_types.h(99,3): warning C4996: 'pcl::SAC_SAMPLE_SIZE': This map is deprecated and is kept only to prevent breaking existing user code. Starting from PCL 1.8.0 model sample size is a protected member of the SampleConsensusModel class
  (编译源文件“sampleconsensus/SampleConsensusModelPlaneOfXYZ.generated.cpp”)
  
  KdTreeOfXYZ.generated.cpp
  Unknown compiler version - please run the configure tests and report the results
C:\Program Files\PCL 1.8.1\include\pcl-1.8\pcl\point_traits.h(1,1): warning C4819: 该文件包含不能在当前代码页(936)中表示的字符。请将该文件保存为 Unicode 格式以防止数据丢失
  (编译源文件“search/KdTreeOfXYZ.generated.cpp”)
  
  OrganizedNeighborOfXYZ.generated.cpp
  Unknown compiler version - please run the configure tests and report the results
C:\Program Files\PCL 1.8.1\include\pcl-1.8\pcl\point_traits.h(1,1): warning C4819: 该文件包含不能在当前代码页(936)中表示的字符。请将该文件保存为 Unicode 格式以防止数据丢失
  (编译源文件“search/OrganizedNeighborOfXYZ.generated.cpp”)
  
  CPCSegmentationOfXYZ.generated.cpp
  Unknown compiler version - please run the configure tests and report the results
C:\Program Files\PCL 1.8.1\include\pcl-1.8\pcl\point_traits.h(1,1): warning C4819: 该文件包含不能在当前代码页(936)中表示的字符。请将该文件保存为 Unicode 格式以防止数据丢失
  (编译源文件“segmentation/CPCSegmentationOfXYZ.generated.cpp”)
  
C:\Program Files\PCL 1.8.1\include\pcl-1.8\pcl\sample_consensus\model_types.h(99,3): warning C4996: 'pcl::SAC_SAMPLE_SIZE': This map is deprecated and is kept only to prevent breaking existing user code. Starting from PCL 1.8.0 model sample size is a protected member of the SampleConsensusModel class
  (编译源文件“segmentation/CPCSegmentationOfXYZ.generated.cpp”)
  
  EuclideanClusterExtractionOfXYZ.generated.cpp
  Unknown compiler version - please run the configure tests and report the results
C:\Program Files\PCL 1.8.1\include\pcl-1.8\pcl\point_traits.h(1,1): warning C4819: 该文件包含不能在当前代码页(936)中表示的字符。请将该文件保存为 Unicode 格式以防止数据丢失
  (编译源文件“segmentation/EuclideanClusterExtractionOfXYZ.generated.cpp”)
  
  LCCPSegmentationOfXYZ.generated.cpp
  Unknown compiler version - please run the configure tests and report the results
C:\Program Files\PCL 1.8.1\include\pcl-1.8\pcl\point_traits.h(1,1): warning C4819: 该文件包含不能在当前代码页(936)中表示的字符。请将该文件保存为 Unicode 格式以防止数据丢失
  (编译源文件“segmentation/LCCPSegmentationOfXYZ.generated.cpp”)
  
  SACSegmentationOfXYZ.generated.cpp
  Unknown compiler version - please run the configure tests and report the results
C:\Program Files\PCL 1.8.1\include\pcl-1.8\pcl\point_traits.h(1,1): warning C4819: 该文件包含不能在当前代码页(936)中表示的字符。请将该文件保存为 Unicode 格式以防止数据丢失
  (编译源文件“segmentation/SACSegmentationOfXYZ.generated.cpp”)
  
C:\Program Files\PCL 1.8.1\include\pcl-1.8\pcl\sample_consensus\model_types.h(99,3): warning C4996: 'pcl::SAC_SAMPLE_SIZE': This map is deprecated and is kept only to prevent breaking existing user code. Starting from PCL 1.8.0 model sample size is a protected member of the SampleConsensusModel class
  (编译源文件“segmentation/SACSegmentationOfXYZ.generated.cpp”)
  
  SupervoxelClusteringOfXYZ.generated.cpp
  Unknown compiler version - please run the configure tests and report the results
C:\Program Files\PCL 1.8.1\include\pcl-1.8\pcl\point_traits.h(1,1): warning C4819: 该文件包含不能在当前代码页(936)中表示的字符。请将该文件保存为 Unicode 格式以防止数据丢失
  (编译源文件“segmentation/SupervoxelClusteringOfXYZ.generated.cpp”)
  
  SupervoxelClusteringOfXYZRGBA.generated.cpp
  Unknown compiler version - please run the configure tests and report the results
C:\Program Files\PCL 1.8.1\include\pcl-1.8\pcl\point_traits.h(1,1): warning C4819: 该文件包含不能在当前代码页(936)中表示的字符。请将该文件保存为 Unicode 格式以防止数据丢失
  (编译源文件“segmentation/SupervoxelClusteringOfXYZRGBA.generated.cpp”)
  
  SupervoxelClustersOfXYZ.generated.cpp
  Unknown compiler version - please run the configure tests and report the results
C:\Program Files\PCL 1.8.1\include\pcl-1.8\pcl\point_traits.h(1,1): warning C4819: 该文件包含不能在当前代码页(936)中表示的字符。请将该文件保存为 Unicode 格式以防止数据丢失
  (编译源文件“segmentation/SupervoxelClustersOfXYZ.generated.cpp”)
  
D:\PclSharp\src\PclSharp.Extern\segmentation\SupervoxelClustersOfXYZ.generated.cpp(33,19): warning C4267: “return”: 从“size_t”转换到“int”，可能丢失数据
  SupervoxelClustersOfXYZRGBA.generated.cpp
  Unknown compiler version - please run the configure tests and report the results
C:\Program Files\PCL 1.8.1\include\pcl-1.8\pcl\point_traits.h(1,1): warning C4819: 该文件包含不能在当前代码页(936)中表示的字符。请将该文件保存为 Unicode 格式以防止数据丢失
  (编译源文件“segmentation/SupervoxelClustersOfXYZRGBA.generated.cpp”)
  
D:\PclSharp\src\PclSharp.Extern\segmentation\SupervoxelClustersOfXYZRGBA.generated.cpp(33,19): warning C4267: “return”: 从“size_t”转换到“int”，可能丢失数据
  SupervoxelOfXYZ.generated.cpp
  Unknown compiler version - please run the configure tests and report the results
C:\Program Files\PCL 1.8.1\include\pcl-1.8\pcl\point_traits.h(1,1): warning C4819: 该文件包含不能在当前代码页(936)中表示的字符。请将该文件保存为 Unicode 格式以防止数据丢失
  (编译源文件“segmentation/SupervoxelOfXYZ.generated.cpp”)
  
  SupervoxelOfXYZRGBA.generated.cpp
  Unknown compiler version - please run the configure tests and report the results
C:\Program Files\PCL 1.8.1\include\pcl-1.8\pcl\point_traits.h(1,1): warning C4819: 该文件包含不能在当前代码页(936)中表示的字符。请将该文件保存为 Unicode 格式以防止数据丢失
  (编译源文件“segmentation/SupervoxelOfXYZRGBA.generated.cpp”)
  
  MultiMapOfuintAnduint.generated.cpp
D:\PclSharp\src\PclSharp.Extern\std\MultiMapOfuintAnduint.generated.cpp(52,19): warning C4267: “return”: 从“size_t”转换到“int”，可能丢失数据
  VectorOfByte.generated.cpp
  VectorOfFloat.generated.cpp
  VectorOfInt.generated.cpp
  VectorOfNormal.generated.cpp
  Unknown compiler version - please run the configure tests and report the results
C:\Program Files\PCL 1.8.1\include\pcl-1.8\pcl\point_traits.h(1,1): warning C4819: 该文件包含不能在当前代码页(936)中表示的字符。请将该文件保存为 Unicode 格式以防止数据丢失
  (编译源文件“std/VectorOfNormal.generated.cpp”)
  
  VectorOfPointIndices.generated.cpp
  Unknown compiler version - please run the configure tests and report the results
  正在生成代码...
  正在编译...
  VectorOfUInt.generated.cpp
  VectorOfXYZ.generated.cpp
  Unknown compiler version - please run the configure tests and report the results
C:\Program Files\PCL 1.8.1\include\pcl-1.8\pcl\point_traits.h(1,1): warning C4819: 该文件包含不能在当前代码页(936)中表示的字符。请将该文件保存为 Unicode 格式以防止数据丢失
  (编译源文件“std/VectorOfXYZ.generated.cpp”)
  
  VectorOfXYZL.generated.cpp
  Unknown compiler version - please run the configure tests and report the results
C:\Program Files\PCL 1.8.1\include\pcl-1.8\pcl\point_traits.h(1,1): warning C4819: 该文件包含不能在当前代码页(936)中表示的字符。请将该文件保存为 Unicode 格式以防止数据丢失
  (编译源文件“std/VectorOfXYZL.generated.cpp”)
  
  VectorOfXYZRGBA.generated.cpp
  Unknown compiler version - please run the configure tests and report the results
C:\Program Files\PCL 1.8.1\include\pcl-1.8\pcl\point_traits.h(1,1): warning C4819: 该文件包含不能在当前代码页(936)中表示的字符。请将该文件保存为 Unicode 格式以防止数据丢失
  (编译源文件“std/VectorOfXYZRGBA.generated.cpp”)
  
  ConvexHullOfXYZ.generated.cpp
  Unknown compiler version - please run the configure tests and report the results
C:\Program Files\PCL 1.8.1\include\pcl-1.8\pcl\point_traits.h(1,1): warning C4819: 该文件包含不能在当前代码页(936)中表示的字符。请将该文件保存为 Unicode 格式以防止数据丢失
  (编译源文件“surface/ConvexHullOfXYZ.generated.cpp”)
  
  iterativeclosestpointofpointxyz_pointxyz.generated.cpp
  Unknown compiler version - please run the configure tests and report the results
C:\Program Files\PCL 1.8.1\include\pcl-1.8\pcl\point_traits.h(1,1): warning C4819: 该文件包含不能在当前代码页(936)中表示的字符。请将该文件保存为 Unicode 格式以防止数据丢失
  (编译源文件“registration/iterativeclosestpointofpointxyz_pointxyz.generated.cpp”)
  
C:\Program Files\PCL 1.8.1\include\pcl-1.8\pcl\sample_consensus\ransac.h(1,1): warning C4819: 该文件包含不能在当前代码页(936)中表示的字符。请将该文件保存为 Unicode 格式以防止数据丢失
  (编译源文件“registration/iterativeclosestpointofpointxyz_pointxyz.generated.cpp”)
  
C:\Program Files\PCL 1.8.1\include\pcl-1.8\pcl\sample_consensus\model_types.h(99,3): warning C4996: 'pcl::SAC_SAMPLE_SIZE': This map is deprecated and is kept only to prevent breaking existing user code. Starting from PCL 1.8.0 model sample size is a protected member of the SampleConsensusModel class
  (编译源文件“registration/iterativeclosestpointofpointxyz_pointxyz.generated.cpp”)
  
C:\Program Files\PCL 1.8.1\include\pcl-1.8\pcl\sample_consensus\sac_model_registration.h(1,1): warning C4819: 该文件包含不能在当前代码页(936)中表示的字符。请将该文件保存为 Unicode 格式以防止数据丢失
  (编译源文件“registration/iterativeclosestpointofpointxyz_pointxyz.generated.cpp”)
  
C:\Program Files\PCL 1.8.1\include\pcl-1.8\pcl\sample_consensus\sac_model_registration.h(1,1): warning C4819: 该文件包含不能在当前代码页(936)中表示的字符。请将该文件保存为 Unicode 格式以防止数据丢失
  (编译源文件“registration/iterativeclosestpointofpointxyz_pointxyz.generated.cpp”)
  
  TransformationEstimationPointToPlaneLLSOfPointNormal_PointNormal.generated.cpp
  Unknown compiler version - please run the configure tests and report the results
C:\Program Files\PCL 1.8.1\include\pcl-1.8\pcl\point_traits.h(1,1): warning C4819: 该文件包含不能在当前代码页(936)中表示的字符。请将该文件保存为 Unicode 格式以防止数据丢失
  (编译源文件“registration/TransformationEstimationPointToPlaneLLSOfPointNormal_PointNormal.generated.cpp”)
  
  正在生成代码...
    正在创建库 D:\PclSharp\src\..\bin\x64\Debug\PclSharp.Extern.lib 和对象 D:\PclSharp\src\..\bin\x64\Debug\PclSharp.Extern.exp
  PclSharp.Extern.vcxproj -> D:\PclSharp\bin\x64\Debug\PclSharp.Extern.dll
