d:\pclsharp\src\pclsharp.extern\x64\debug\vc143.pdb
d:\pclsharp\src\pclsharp.extern\x64\debug\vc143.idb
d:\pclsharp\src\pclsharp.extern\x64\debug\transformationestimationpointtoplanellsofpointnormal_pointnormal.generated.obj
d:\pclsharp\src\pclsharp.extern\x64\debug\vectorofpointindices.generated.obj
d:\pclsharp\src\pclsharp.extern\x64\debug\polygonmesh.generated.obj
d:\pclsharp\src\pclsharp.extern\x64\debug\pointcloudofxyzrgba.generated.obj
d:\pclsharp\src\pclsharp.extern\x64\debug\pointcloudofnormal.generated.obj
d:\pclsharp\src\pclsharp.extern\x64\debug\pointcloudofxyzl.generated.obj
d:\pclsharp\src\pclsharp.extern\x64\debug\pointcloudofxyz.generated.obj
d:\pclsharp\src\pclsharp.extern\x64\debug\voxelgridofxyz.generated.obj
d:\pclsharp\src\pclsharp.extern\x64\debug\statisticaloutlierremovalofxyz.generated.obj
d:\pclsharp\src\pclsharp.extern\x64\debug\heightmap2dofxyz.generated.obj
d:\pclsharp\src\pclsharp.extern\x64\debug\extractindicesxyz.generated.obj
d:\pclsharp\src\pclsharp.extern\x64\debug\integralimagenormalestimationofpointxyzandnormal.generated.obj
d:\pclsharp\src\pclsharp.extern\x64\debug\fpfhestimationofpointxyzandnormal.generated.obj
d:\pclsharp\src\pclsharp.extern\x64\debug\vectorxf.generated.obj
d:\pclsharp\src\pclsharp.extern\x64\debug\matrix4f.generated.obj
d:\pclsharp\src\pclsharp.extern\x64\debug\pointindices.generated.obj
d:\pclsharp\src\pclsharp.extern\x64\debug\pclbaseofxyzrgba.generated.obj
d:\pclsharp\src\pclsharp.extern\x64\debug\pclbaseofxyz.generated.obj
d:\pclsharp\src\pclsharp.extern\x64\debug\pcaofxyz.generated.obj
d:\pclsharp\src\pclsharp.extern\x64\debug\modelcoefficients.generated.obj
d:\pclsharp\src\pclsharp.extern\x64\debug\pointsizes.obj
d:\pclsharp\src\pclsharp.extern\x64\debug\vectorofnormal.generated.obj
d:\pclsharp\src\pclsharp.extern\x64\debug\vectorofint.generated.obj
d:\pclsharp\src\pclsharp.extern\x64\debug\vectoroffloat.generated.obj
d:\pclsharp\src\pclsharp.extern\x64\debug\vectorofbyte.generated.obj
d:\pclsharp\src\pclsharp.extern\x64\debug\multimapofuintanduint.generated.obj
d:\pclsharp\src\pclsharp.extern\x64\debug\supervoxelofxyzrgba.generated.obj
d:\pclsharp\src\pclsharp.extern\x64\debug\supervoxelofxyz.generated.obj
d:\pclsharp\src\pclsharp.extern\x64\debug\supervoxelclustersofxyzrgba.generated.obj
d:\pclsharp\src\pclsharp.extern\x64\debug\supervoxelclustersofxyz.generated.obj
d:\pclsharp\src\pclsharp.extern\x64\debug\supervoxelclusteringofxyzrgba.generated.obj
d:\pclsharp\src\pclsharp.extern\x64\debug\supervoxelclusteringofxyz.generated.obj
d:\pclsharp\src\pclsharp.extern\x64\debug\sacsegmentationofxyz.generated.obj
d:\pclsharp\src\pclsharp.extern\x64\debug\lccpsegmentationofxyz.generated.obj
d:\pclsharp\src\pclsharp.extern\x64\debug\euclideanclusterextractionofxyz.generated.obj
d:\pclsharp\src\pclsharp.extern\x64\debug\cpcsegmentationofxyz.generated.obj
d:\pclsharp\src\pclsharp.extern\x64\debug\organizedneighborofxyz.generated.obj
d:\pclsharp\src\pclsharp.extern\x64\debug\kdtreeofxyz.generated.obj
d:\pclsharp\src\pclsharp.extern\x64\debug\sampleconsensusmodelplaneofxyz.generated.obj
d:\pclsharp\src\pclsharp.extern\x64\debug\iterativeclosestpointofpointxyz_pointxyz.generated.obj
d:\pclsharp\src\pclsharp.extern\x64\debug\convexhullofxyz.generated.obj
d:\pclsharp\src\pclsharp.extern\x64\debug\vectorofxyzrgba.generated.obj
d:\pclsharp\src\pclsharp.extern\x64\debug\vectorofxyzl.generated.obj
d:\pclsharp\src\pclsharp.extern\x64\debug\vectorofxyz.generated.obj
d:\pclsharp\src\pclsharp.extern\x64\debug\vectorofuint.generated.obj
d:\pclsharp\src\pclsharp.extern\x64\debug\pcdwriter.generated.obj
d:\pclsharp\src\pclsharp.extern\x64\debug\pcdreader.generated.obj
d:\pclsharp\bin\x64\debug\pclsharp.extern.dll
d:\pclsharp\bin\x64\debug\pclsharp.extern.pdb
d:\pclsharp\bin\x64\debug\pclsharp.extern.lib
d:\pclsharp\bin\x64\debug\pclsharp.extern.exp
d:\pclsharp\src\pclsharp.extern\x64\debug\pclsharp.extern.ilk
d:\pclsharp\src\..\bin\x64\debug\pclsharp.extern.pdb
d:\pclsharp\src\pclsharp.extern\x64\debug\pclsharp.extern.tlog\cl.command.1.tlog
d:\pclsharp\src\pclsharp.extern\x64\debug\pclsharp.extern.tlog\cl.items.tlog
d:\pclsharp\src\pclsharp.extern\x64\debug\pclsharp.extern.tlog\cl.read.1.tlog
d:\pclsharp\src\pclsharp.extern\x64\debug\pclsharp.extern.tlog\cl.write.1.tlog
d:\pclsharp\src\pclsharp.extern\x64\debug\pclsharp.extern.tlog\link.command.1.tlog
d:\pclsharp\src\pclsharp.extern\x64\debug\pclsharp.extern.tlog\link.read.1.tlog
d:\pclsharp\src\pclsharp.extern\x64\debug\pclsharp.extern.tlog\link.secondary.1.tlog
d:\pclsharp\src\pclsharp.extern\x64\debug\pclsharp.extern.tlog\link.write.1.tlog
